2014/07/24 15:02:18 [error] [exception.CHttpException.404] exception 'CHttpException' with message 'The system is unable to find the requested action "index".' in /home/admin2/WORKSPACE/PHP/YII/framework/web/CController.php:483
Stack trace:
#0 /home/admin2/WORKSPACE/PHP/YII/framework/web/CController.php(270): CController->missingAction('')
#1 /home/admin2/WORKSPACE/PHP/YII/framework/web/CWebApplication.php(282): CController->run('')
#2 /home/admin2/WORKSPACE/PHP/YII/framework/web/CWebApplication.php(141): CWebApplication->runController('my')
#3 /home/admin2/WORKSPACE/PHP/YII/framework/base/CApplication.php(180): CWebApplication->processRequest()
#4 /var/www/html/project/index.php(13): CApplication->run()
#5 {main}
REQUEST_URI=/project/index.php?r=my
---
2014/07/24 15:02:27 [error] [php] Undefined variable: model (/var/www/html/project/protected/controllers/MyController.php:7)
Stack trace:
#0 /home/admin2/WORKSPACE/PHP/YII/framework/web/CController.php(286): MyController->runAction()
#1 /home/admin2/WORKSPACE/PHP/YII/framework/web/CController.php(265): MyController->runActionWithFilters()
#2 /home/admin2/WORKSPACE/PHP/YII/framework/web/CWebApplication.php(282): MyController->run()
#3 /home/admin2/WORKSPACE/PHP/YII/framework/web/CWebApplication.php(141): CWebApplication->runController()
#4 /home/admin2/WORKSPACE/PHP/YII/framework/base/CApplication.php(180): CWebApplication->processRequest()
#5 /var/www/html/project/index.php(13): CWebApplication->run()
REQUEST_URI=/project/index.php?r=my/showComments
in /var/www/html/project/protected/controllers/MyController.php (7)
in /var/www/html/project/index.php (13)
2014/07/24 15:05:03 [error] [php] Undefined variable: model (/var/www/html/project/protected/controllers/MyController.php:7)
Stack trace:
#0 /home/admin2/WORKSPACE/PHP/YII/framework/web/CController.php(286): MyController->runAction()
#1 /home/admin2/WORKSPACE/PHP/YII/framework/web/CController.php(265): MyController->runActionWithFilters()
#2 /home/admin2/WORKSPACE/PHP/YII/framework/web/CWebApplication.php(282): MyController->run()
#3 /home/admin2/WORKSPACE/PHP/YII/framework/web/CWebApplication.php(141): CWebApplication->runController()
#4 /home/admin2/WORKSPACE/PHP/YII/framework/base/CApplication.php(180): CWebApplication->processRequest()
#5 /var/www/html/project/index.php(13): CWebApplication->run()
REQUEST_URI=/project/index.php?r=my/showComments
in /var/www/html/project/protected/controllers/MyController.php (7)
in /var/www/html/project/index.php (13)
2014/07/24 15:05:06 [error] [php] Undefined variable: model (/var/www/html/project/protected/controllers/MyController.php:7)
Stack trace:
#0 /home/admin2/WORKSPACE/PHP/YII/framework/web/CController.php(286): MyController->runAction()
#1 /home/admin2/WORKSPACE/PHP/YII/framework/web/CController.php(265): MyController->runActionWithFilters()
#2 /home/admin2/WORKSPACE/PHP/YII/framework/web/CWebApplication.php(282): MyController->run()
#3 /home/admin2/WORKSPACE/PHP/YII/framework/web/CWebApplication.php(141): CWebApplication->runController()
#4 /home/admin2/WORKSPACE/PHP/YII/framework/base/CApplication.php(180): CWebApplication->processRequest()
#5 /var/www/html/project/index.php(13): CWebApplication->run()
REQUEST_URI=/project/index.php?r=my/showComments
in /var/www/html/project/protected/controllers/MyController.php (7)
in /var/www/html/project/index.php (13)
2014/07/24 15:05:07 [error] [php] Undefined variable: model (/var/www/html/project/protected/controllers/MyController.php:7)
Stack trace:
#0 /home/admin2/WORKSPACE/PHP/YII/framework/web/CController.php(286): MyController->runAction()
#1 /home/admin2/WORKSPACE/PHP/YII/framework/web/CController.php(265): MyController->runActionWithFilters()
#2 /home/admin2/WORKSPACE/PHP/YII/framework/web/CWebApplication.php(282): MyController->run()
#3 /home/admin2/WORKSPACE/PHP/YII/framework/web/CWebApplication.php(141): CWebApplication->runController()
#4 /home/admin2/WORKSPACE/PHP/YII/framework/base/CApplication.php(180): CWebApplication->processRequest()
#5 /var/www/html/project/index.php(13): CWebApplication->run()
REQUEST_URI=/project/index.php?r=my/showComments
in /var/www/html/project/protected/controllers/MyController.php (7)
in /var/www/html/project/index.php (13)
2014/07/24 15:05:07 [error] [php] Undefined variable: model (/var/www/html/project/protected/controllers/MyController.php:7)
Stack trace:
#0 /home/admin2/WORKSPACE/PHP/YII/framework/web/CController.php(286): MyController->runAction()
#1 /home/admin2/WORKSPACE/PHP/YII/framework/web/CController.php(265): MyController->runActionWithFilters()
#2 /home/admin2/WORKSPACE/PHP/YII/framework/web/CWebApplication.php(282): MyController->run()
#3 /home/admin2/WORKSPACE/PHP/YII/framework/web/CWebApplication.php(141): CWebApplication->runController()
#4 /home/admin2/WORKSPACE/PHP/YII/framework/base/CApplication.php(180): CWebApplication->processRequest()
#5 /var/www/html/project/index.php(13): CWebApplication->run()
REQUEST_URI=/project/index.php?r=my/showComments
in /var/www/html/project/protected/controllers/MyController.php (7)
in /var/www/html/project/index.php (13)
2014/07/24 15:05:15 [error] [exception.CException] exception 'CException' with message 'MyController cannot find the requested view "myShow".' in /home/admin2/WORKSPACE/PHP/YII/framework/web/CController.php:878
Stack trace:
#0 /home/admin2/WORKSPACE/PHP/YII/framework/web/CController.php(782): CController->renderPartial('myShow', NULL, true)
#1 /var/www/html/project/protected/controllers/MyController.php(7): CController->render('myShow')
#2 /home/admin2/WORKSPACE/PHP/YII/framework/web/actions/CInlineAction.php(49): MyController->actionShowComments()
#3 /home/admin2/WORKSPACE/PHP/YII/framework/web/CController.php(308): CInlineAction->runWithParams(Array)
#4 /home/admin2/WORKSPACE/PHP/YII/framework/web/CController.php(286): CController->runAction(Object(CInlineAction))
#5 /home/admin2/WORKSPACE/PHP/YII/framework/web/CController.php(265): CController->runActionWithFilters(Object(CInlineAction), Array)
#6 /home/admin2/WORKSPACE/PHP/YII/framework/web/CWebApplication.php(282): CController->run('showComments')
#7 /home/admin2/WORKSPACE/PHP/YII/framework/web/CWebApplication.php(141): CWebApplication->runController('my/showComments')
#8 /home/admin2/WORKSPACE/PHP/YII/framework/base/CApplication.php(180): CWebApplication->processRequest()
#9 /var/www/html/project/index.php(13): CApplication->run()
#10 {main}
REQUEST_URI=/project/index.php?r=my/showComments
---
2014/07/24 15:05:35 [error] [exception.CException] exception 'CException' with message 'MyController cannot find the requested view "myShow.php".' in /home/admin2/WORKSPACE/PHP/YII/framework/web/CController.php:878
Stack trace:
#0 /home/admin2/WORKSPACE/PHP/YII/framework/web/CController.php(782): CController->renderPartial('myShow.php', NULL, true)
#1 /var/www/html/project/protected/controllers/MyController.php(7): CController->render('myShow.php')
#2 /home/admin2/WORKSPACE/PHP/YII/framework/web/actions/CInlineAction.php(49): MyController->actionShowComments()
#3 /home/admin2/WORKSPACE/PHP/YII/framework/web/CController.php(308): CInlineAction->runWithParams(Array)
#4 /home/admin2/WORKSPACE/PHP/YII/framework/web/CController.php(286): CController->runAction(Object(CInlineAction))
#5 /home/admin2/WORKSPACE/PHP/YII/framework/web/CController.php(265): CController->runActionWithFilters(Object(CInlineAction), Array)
#6 /home/admin2/WORKSPACE/PHP/YII/framework/web/CWebApplication.php(282): CController->run('showComments')
#7 /home/admin2/WORKSPACE/PHP/YII/framework/web/CWebApplication.php(141): CWebApplication->runController('my/showComments')
#8 /home/admin2/WORKSPACE/PHP/YII/framework/base/CApplication.php(180): CWebApplication->processRequest()
#9 /var/www/html/project/index.php(13): CApplication->run()
#10 {main}
REQUEST_URI=/project/index.php?r=my/showComments
---
2014/07/24 15:06:01 [error] [exception.CException] exception 'CException' with message 'MyController cannot find the requested view "Show".' in /home/admin2/WORKSPACE/PHP/YII/framework/web/CController.php:878
Stack trace:
#0 /home/admin2/WORKSPACE/PHP/YII/framework/web/CController.php(782): CController->renderPartial('Show', NULL, true)
#1 /var/www/html/project/protected/controllers/MyController.php(7): CController->render('Show')
#2 /home/admin2/WORKSPACE/PHP/YII/framework/web/actions/CInlineAction.php(49): MyController->actionShowComments()
#3 /home/admin2/WORKSPACE/PHP/YII/framework/web/CController.php(308): CInlineAction->runWithParams(Array)
#4 /home/admin2/WORKSPACE/PHP/YII/framework/web/CController.php(286): CController->runAction(Object(CInlineAction))
#5 /home/admin2/WORKSPACE/PHP/YII/framework/web/CController.php(265): CController->runActionWithFilters(Object(CInlineAction), Array)
#6 /home/admin2/WORKSPACE/PHP/YII/framework/web/CWebApplication.php(282): CController->run('showComments')
#7 /home/admin2/WORKSPACE/PHP/YII/framework/web/CWebApplication.php(141): CWebApplication->runController('my/showComments')
#8 /home/admin2/WORKSPACE/PHP/YII/framework/base/CApplication.php(180): CWebApplication->processRequest()
#9 /var/www/html/project/index.php(13): CApplication->run()
#10 {main}
REQUEST_URI=/project/index.php?r=my/showComments
---
2014/07/24 15:06:34 [error] [exception.CException] exception 'CException' with message 'MyController cannot find the requested view "Show".' in /home/admin2/WORKSPACE/PHP/YII/framework/web/CController.php:878
Stack trace:
#0 /home/admin2/WORKSPACE/PHP/YII/framework/web/CController.php(782): CController->renderPartial('Show', NULL, true)
#1 /var/www/html/project/protected/controllers/MyController.php(7): CController->render('Show')
#2 /home/admin2/WORKSPACE/PHP/YII/framework/web/actions/CInlineAction.php(49): MyController->actionShowComments()
#3 /home/admin2/WORKSPACE/PHP/YII/framework/web/CController.php(308): CInlineAction->runWithParams(Array)
#4 /home/admin2/WORKSPACE/PHP/YII/framework/web/CController.php(286): CController->runAction(Object(CInlineAction))
#5 /home/admin2/WORKSPACE/PHP/YII/framework/web/CController.php(265): CController->runActionWithFilters(Object(CInlineAction), Array)
#6 /home/admin2/WORKSPACE/PHP/YII/framework/web/CWebApplication.php(282): CController->run('showComments')
#7 /home/admin2/WORKSPACE/PHP/YII/framework/web/CWebApplication.php(141): CWebApplication->runController('my/showComments')
#8 /home/admin2/WORKSPACE/PHP/YII/framework/base/CApplication.php(180): CWebApplication->processRequest()
#9 /var/www/html/project/index.php(13): CApplication->run()
#10 {main}
REQUEST_URI=/project/index.php?r=my/showComments
---
2014/07/24 15:07:00 [error] [exception.CException] exception 'CException' with message 'MyController cannot find the requested view "show".' in /home/admin2/WORKSPACE/PHP/YII/framework/web/CController.php:878
Stack trace:
#0 /home/admin2/WORKSPACE/PHP/YII/framework/web/CController.php(782): CController->renderPartial('show', NULL, true)
#1 /var/www/html/project/protected/controllers/MyController.php(7): CController->render('show')
#2 /home/admin2/WORKSPACE/PHP/YII/framework/web/actions/CInlineAction.php(49): MyController->actionShowComments()
#3 /home/admin2/WORKSPACE/PHP/YII/framework/web/CController.php(308): CInlineAction->runWithParams(Array)
#4 /home/admin2/WORKSPACE/PHP/YII/framework/web/CController.php(286): CController->runAction(Object(CInlineAction))
#5 /home/admin2/WORKSPACE/PHP/YII/framework/web/CController.php(265): CController->runActionWithFilters(Object(CInlineAction), Array)
#6 /home/admin2/WORKSPACE/PHP/YII/framework/web/CWebApplication.php(282): CController->run('showComments')
#7 /home/admin2/WORKSPACE/PHP/YII/framework/web/CWebApplication.php(141): CWebApplication->runController('my/showComments')
#8 /home/admin2/WORKSPACE/PHP/YII/framework/base/CApplication.php(180): CWebApplication->processRequest()
#9 /var/www/html/project/index.php(13): CApplication->run()
#10 {main}
REQUEST_URI=/project/index.php?r=my/showComments
---
2014/07/24 15:07:04 [error] [exception.CException] exception 'CException' with message 'MyController cannot find the requested view "show.php".' in /home/admin2/WORKSPACE/PHP/YII/framework/web/CController.php:878
Stack trace:
#0 /home/admin2/WORKSPACE/PHP/YII/framework/web/CController.php(782): CController->renderPartial('show.php', NULL, true)
#1 /var/www/html/project/protected/controllers/MyController.php(7): CController->render('show.php')
#2 /home/admin2/WORKSPACE/PHP/YII/framework/web/actions/CInlineAction.php(49): MyController->actionShowComments()
#3 /home/admin2/WORKSPACE/PHP/YII/framework/web/CController.php(308): CInlineAction->runWithParams(Array)
#4 /home/admin2/WORKSPACE/PHP/YII/framework/web/CController.php(286): CController->runAction(Object(CInlineAction))
#5 /home/admin2/WORKSPACE/PHP/YII/framework/web/CController.php(265): CController->runActionWithFilters(Object(CInlineAction), Array)
#6 /home/admin2/WORKSPACE/PHP/YII/framework/web/CWebApplication.php(282): CController->run('showComments')
#7 /home/admin2/WORKSPACE/PHP/YII/framework/web/CWebApplication.php(141): CWebApplication->runController('my/showComments')
#8 /home/admin2/WORKSPACE/PHP/YII/framework/base/CApplication.php(180): CWebApplication->processRequest()
#9 /var/www/html/project/index.php(13): CApplication->run()
#10 {main}
REQUEST_URI=/project/index.php?r=my/showComments
---
2014/07/24 15:07:06 [error] [exception.CException] exception 'CException' with message 'MyController cannot find the requested view "show.php".' in /home/admin2/WORKSPACE/PHP/YII/framework/web/CController.php:878
Stack trace:
#0 /home/admin2/WORKSPACE/PHP/YII/framework/web/CController.php(782): CController->renderPartial('show.php', NULL, true)
#1 /var/www/html/project/protected/controllers/MyController.php(7): CController->render('show.php')
#2 /home/admin2/WORKSPACE/PHP/YII/framework/web/actions/CInlineAction.php(49): MyController->actionShowComments()
#3 /home/admin2/WORKSPACE/PHP/YII/framework/web/CController.php(308): CInlineAction->runWithParams(Array)
#4 /home/admin2/WORKSPACE/PHP/YII/framework/web/CController.php(286): CController->runAction(Object(CInlineAction))
#5 /home/admin2/WORKSPACE/PHP/YII/framework/web/CController.php(265): CController->runActionWithFilters(Object(CInlineAction), Array)
#6 /home/admin2/WORKSPACE/PHP/YII/framework/web/CWebApplication.php(282): CController->run('showComments')
#7 /home/admin2/WORKSPACE/PHP/YII/framework/web/CWebApplication.php(141): CWebApplication->runController('my/showComments')
#8 /home/admin2/WORKSPACE/PHP/YII/framework/base/CApplication.php(180): CWebApplication->processRequest()
#9 /var/www/html/project/index.php(13): CApplication->run()
#10 {main}
REQUEST_URI=/project/index.php?r=my/showComments
---
2014/07/24 16:17:53 [error] [exception.CHttpException.404] exception 'CHttpException' with message 'The system is unable to find the requested action "index".' in /home/admin2/WORKSPACE/PHP/YII/framework/web/CController.php:483
Stack trace:
#0 /home/admin2/WORKSPACE/PHP/YII/framework/web/CController.php(270): CController->missingAction('')
#1 /home/admin2/WORKSPACE/PHP/YII/framework/web/CWebApplication.php(282): CController->run('')
#2 /home/admin2/WORKSPACE/PHP/YII/framework/web/CWebApplication.php(141): CWebApplication->runController('my')
#3 /home/admin2/WORKSPACE/PHP/YII/framework/base/CApplication.php(180): CWebApplication->processRequest()
#4 /var/www/html/project/index.php(13): CApplication->run()
#5 {main}
REQUEST_URI=/project/index.php?r=my
---
2014/07/24 16:19:40 [error] [exception.CHttpException.404] exception 'CHttpException' with message 'The system is unable to find the requested action "index".' in /home/admin2/WORKSPACE/PHP/YII/framework/web/CController.php:483
Stack trace:
#0 /home/admin2/WORKSPACE/PHP/YII/framework/web/CController.php(270): CController->missingAction('')
#1 /home/admin2/WORKSPACE/PHP/YII/framework/web/CWebApplication.php(282): CController->run('')
#2 /home/admin2/WORKSPACE/PHP/YII/framework/web/CWebApplication.php(141): CWebApplication->runController('my')
#3 /home/admin2/WORKSPACE/PHP/YII/framework/base/CApplication.php(180): CWebApplication->processRequest()
#4 /var/www/html/project/index.php(13): CApplication->run()
#5 {main}
REQUEST_URI=/project/index.php?r=my
---
2014/07/24 16:19:44 [error] [exception.CHttpException.404] exception 'CHttpException' with message 'The system is unable to find the requested action "index".' in /home/admin2/WORKSPACE/PHP/YII/framework/web/CController.php:483
Stack trace:
#0 /home/admin2/WORKSPACE/PHP/YII/framework/web/CController.php(270): CController->missingAction('')
#1 /home/admin2/WORKSPACE/PHP/YII/framework/web/CWebApplication.php(282): CController->run('')
#2 /home/admin2/WORKSPACE/PHP/YII/framework/web/CWebApplication.php(141): CWebApplication->runController('my')
#3 /home/admin2/WORKSPACE/PHP/YII/framework/base/CApplication.php(180): CWebApplication->processRequest()
#4 /var/www/html/project/index.php(13): CApplication->run()
#5 {main}
REQUEST_URI=/project/index.php?r=my
---
2014/07/24 16:19:48 [error] [exception.CHttpException.404] exception 'CHttpException' with message 'The system is unable to find the requested action "index".' in /home/admin2/WORKSPACE/PHP/YII/framework/web/CController.php:483
Stack trace:
#0 /home/admin2/WORKSPACE/PHP/YII/framework/web/CController.php(270): CController->missingAction('')
#1 /home/admin2/WORKSPACE/PHP/YII/framework/web/CWebApplication.php(282): CController->run('')
#2 /home/admin2/WORKSPACE/PHP/YII/framework/web/CWebApplication.php(141): CWebApplication->runController('my')
#3 /home/admin2/WORKSPACE/PHP/YII/framework/base/CApplication.php(180): CWebApplication->processRequest()
#4 /var/www/html/project/index.php(13): CApplication->run()
#5 {main}
REQUEST_URI=/project/index.php?r=my
---
2014/07/24 16:19:57 [error] [exception.CHttpException.404] exception 'CHttpException' with message 'The system is unable to find the requested action "show".' in /home/admin2/WORKSPACE/PHP/YII/framework/web/CController.php:483
Stack trace:
#0 /home/admin2/WORKSPACE/PHP/YII/framework/web/CController.php(270): CController->missingAction('show')
#1 /home/admin2/WORKSPACE/PHP/YII/framework/web/CWebApplication.php(282): CController->run('show')
#2 /home/admin2/WORKSPACE/PHP/YII/framework/web/CWebApplication.php(141): CWebApplication->runController('my/show')
#3 /home/admin2/WORKSPACE/PHP/YII/framework/base/CApplication.php(180): CWebApplication->processRequest()
#4 /var/www/html/project/index.php(13): CApplication->run()
#5 {main}
REQUEST_URI=/project/index.php?r=my/show
---
2014/07/24 16:26:01 [error] [exception.CException] exception 'CException' with message 'Property "MyModel.username" is not defined.' in /home/admin2/WORKSPACE/PHP/YII/framework/base/CComponent.php:130
Stack trace:
#0 /home/admin2/WORKSPACE/PHP/YII/framework/web/helpers/CHtml.php(2529): CComponent->__get('username')
#1 /home/admin2/WORKSPACE/PHP/YII/framework/web/helpers/CHtml.php(2252): CHtml::resolveValue(Object(MyModel), 'username')
#2 /home/admin2/WORKSPACE/PHP/YII/framework/web/helpers/CHtml.php(1434): CHtml::activeInputField('text', Object(MyModel), 'username', Array)
#3 /home/admin2/WORKSPACE/PHP/YII/framework/web/widgets/CActiveForm.php(725): CHtml::activeTextField(Object(MyModel), 'username', Array)
#4 /var/www/html/project/protected/views/my/add.php(29): CActiveForm->textField(Object(MyModel), 'username')
#5 /home/admin2/WORKSPACE/PHP/YII/framework/web/CBaseController.php(126): require('/var/www/html/p...')
#6 /home/admin2/WORKSPACE/PHP/YII/framework/web/CBaseController.php(95): CBaseController->renderInternal('/var/www/html/p...', Array, true)
#7 /home/admin2/WORKSPACE/PHP/YII/framework/web/CController.php(869): CBaseController->renderFile('/var/www/html/p...', Array, true)
#8 /home/admin2/WORKSPACE/PHP/YII/framework/web/CController.php(782): CController->renderPartial('add', Array, true)
#9 /var/www/html/project/protected/controllers/MyController.php(14): CController->render('add', Array)
#10 /home/admin2/WORKSPACE/PHP/YII/framework/web/actions/CInlineAction.php(49): MyController->actionAddComment()
#11 /home/admin2/WORKSPACE/PHP/YII/framework/web/CController.php(308): CInlineAction->runWithParams(Array)
#12 /home/admin2/WORKSPACE/PHP/YII/framework/web/CController.php(286): CController->runAction(Object(CInlineAction))
#13 /home/admin2/WORKSPACE/PHP/YII/framework/web/CController.php(265): CController->runActionWithFilters(Object(CInlineAction), Array)
#14 /home/admin2/WORKSPACE/PHP/YII/framework/web/CWebApplication.php(282): CController->run('addComment')
#15 /home/admin2/WORKSPACE/PHP/YII/framework/web/CWebApplication.php(141): CWebApplication->runController('my/addComment')
#16 /home/admin2/WORKSPACE/PHP/YII/framework/base/CApplication.php(180): CWebApplication->processRequest()
#17 /var/www/html/project/index.php(13): CApplication->run()
#18 {main}
REQUEST_URI=/project/index.php?r=my/addComment
---
2014/07/24 16:27:18 [error] [exception.CException] exception 'CException' with message 'Property "MyModel.password" is not defined.' in /home/admin2/WORKSPACE/PHP/YII/framework/base/CComponent.php:130
Stack trace:
#0 /home/admin2/WORKSPACE/PHP/YII/framework/web/helpers/CHtml.php(2529): CComponent->__get('password')
#1 /home/admin2/WORKSPACE/PHP/YII/framework/web/helpers/CHtml.php(2252): CHtml::resolveValue(Object(MyModel), 'password')
#2 /home/admin2/WORKSPACE/PHP/YII/framework/web/helpers/CHtml.php(1628): CHtml::activeInputField('password', Object(MyModel), 'password', Array)
#3 /home/admin2/WORKSPACE/PHP/YII/framework/web/widgets/CActiveForm.php(771): CHtml::activePasswordField(Object(MyModel), 'password', Array)
#4 /var/www/html/project/protected/views/my/add.php(35): CActiveForm->passwordField(Object(MyModel), 'password')
#5 /home/admin2/WORKSPACE/PHP/YII/framework/web/CBaseController.php(126): require('/var/www/html/p...')
#6 /home/admin2/WORKSPACE/PHP/YII/framework/web/CBaseController.php(95): CBaseController->renderInternal('/var/www/html/p...', Array, true)
#7 /home/admin2/WORKSPACE/PHP/YII/framework/web/CController.php(869): CBaseController->renderFile('/var/www/html/p...', Array, true)
#8 /home/admin2/WORKSPACE/PHP/YII/framework/web/CController.php(782): CController->renderPartial('add', Array, true)
#9 /var/www/html/project/protected/controllers/MyController.php(14): CController->render('add', Array)
#10 /home/admin2/WORKSPACE/PHP/YII/framework/web/actions/CInlineAction.php(49): MyController->actionAddComment()
#11 /home/admin2/WORKSPACE/PHP/YII/framework/web/CController.php(308): CInlineAction->runWithParams(Array)
#12 /home/admin2/WORKSPACE/PHP/YII/framework/web/CController.php(286): CController->runAction(Object(CInlineAction))
#13 /home/admin2/WORKSPACE/PHP/YII/framework/web/CController.php(265): CController->runActionWithFilters(Object(CInlineAction), Array)
#14 /home/admin2/WORKSPACE/PHP/YII/framework/web/CWebApplication.php(282): CController->run('addComment')
#15 /home/admin2/WORKSPACE/PHP/YII/framework/web/CWebApplication.php(141): CWebApplication->runController('my/addComment')
#16 /home/admin2/WORKSPACE/PHP/YII/framework/base/CApplication.php(180): CWebApplication->processRequest()
#17 /var/www/html/project/index.php(13): CApplication->run()
#18 {main}
REQUEST_URI=/project/index.php?r=my/addComment
---
2014/07/24 16:27:35 [error] [exception.CException] exception 'CException' with message 'Property "MyModel.rememberMe" is not defined.' in /home/admin2/WORKSPACE/PHP/YII/framework/base/CComponent.php:130
Stack trace:
#0 /home/admin2/WORKSPACE/PHP/YII/framework/web/helpers/CHtml.php(2529): CComponent->__get('rememberMe')
#1 /home/admin2/WORKSPACE/PHP/YII/framework/web/helpers/CHtml.php(1743): CHtml::resolveValue(Object(MyModel), 'rememberMe')
#2 /home/admin2/WORKSPACE/PHP/YII/framework/web/widgets/CActiveForm.php(831): CHtml::activeCheckBox(Object(MyModel), 'rememberMe', Array)
#3 /var/www/html/project/protected/views/my/add.php(43): CActiveForm->checkBox(Object(MyModel), 'rememberMe')
#4 /home/admin2/WORKSPACE/PHP/YII/framework/web/CBaseController.php(126): require('/var/www/html/p...')
#5 /home/admin2/WORKSPACE/PHP/YII/framework/web/CBaseController.php(95): CBaseController->renderInternal('/var/www/html/p...', Array, true)
#6 /home/admin2/WORKSPACE/PHP/YII/framework/web/CController.php(869): CBaseController->renderFile('/var/www/html/p...', Array, true)
#7 /home/admin2/WORKSPACE/PHP/YII/framework/web/CController.php(782): CController->renderPartial('add', Array, true)
#8 /var/www/html/project/protected/controllers/MyController.php(14): CController->render('add', Array)
#9 /home/admin2/WORKSPACE/PHP/YII/framework/web/actions/CInlineAction.php(49): MyController->actionAddComment()
#10 /home/admin2/WORKSPACE/PHP/YII/framework/web/CController.php(308): CInlineAction->runWithParams(Array)
#11 /home/admin2/WORKSPACE/PHP/YII/framework/web/CController.php(286): CController->runAction(Object(CInlineAction))
#12 /home/admin2/WORKSPACE/PHP/YII/framework/web/CController.php(265): CController->runActionWithFilters(Object(CInlineAction), Array)
#13 /home/admin2/WORKSPACE/PHP/YII/framework/web/CWebApplication.php(282): CController->run('addComment')
#14 /home/admin2/WORKSPACE/PHP/YII/framework/web/CWebApplication.php(141): CWebApplication->runController('my/addComment')
#15 /home/admin2/WORKSPACE/PHP/YII/framework/base/CApplication.php(180): CWebApplication->processRequest()
#16 /var/www/html/project/index.php(13): CApplication->run()
#17 {main}
REQUEST_URI=/project/index.php?r=my/addComment
---
2014/07/24 16:30:14 [error] [php] Undefined variable: form (/var/www/html/project/protected/views/my/add.php:19)
Stack trace:
#0 /home/admin2/WORKSPACE/PHP/YII/framework/web/CController.php(869): MyController->renderFile()
#1 /home/admin2/WORKSPACE/PHP/YII/framework/web/CController.php(782): MyController->renderPartial()
#2 /var/www/html/project/protected/controllers/MyController.php(14): MyController->render()
#3 /home/admin2/WORKSPACE/PHP/YII/framework/web/actions/CInlineAction.php(49): MyController->actionAddComment()
#4 /home/admin2/WORKSPACE/PHP/YII/framework/web/CController.php(308): CInlineAction->runWithParams()
#5 /home/admin2/WORKSPACE/PHP/YII/framework/web/CController.php(286): MyController->runAction()
#6 /home/admin2/WORKSPACE/PHP/YII/framework/web/CController.php(265): MyController->runActionWithFilters()
#7 /home/admin2/WORKSPACE/PHP/YII/framework/web/CWebApplication.php(282): MyController->run()
#8 /home/admin2/WORKSPACE/PHP/YII/framework/web/CWebApplication.php(141): CWebApplication->runController()
#9 /home/admin2/WORKSPACE/PHP/YII/framework/base/CApplication.php(180): CWebApplication->processRequest()
#10 /var/www/html/project/index.php(13): CWebApplication->run()
REQUEST_URI=/project/index.php?r=my/addComment
in /var/www/html/project/protected/views/my/add.php (19)
in /var/www/html/project/protected/controllers/MyController.php (14)
in /var/www/html/project/index.php (13)
2014/07/24 16:50:18 [error] [php] Missing argument 2 for CHtml::label(), called in /var/www/html/project/protected/views/my/add.php on line 12 and defined (/home/admin2/WORKSPACE/PHP/YII/framework/web/helpers/CHtml.php:562)
Stack trace:
#0 /home/admin2/WORKSPACE/PHP/YII/framework/web/CBaseController.php(95): MyController->renderInternal()
#1 /home/admin2/WORKSPACE/PHP/YII/framework/web/CController.php(869): MyController->renderFile()
#2 /home/admin2/WORKSPACE/PHP/YII/framework/web/CController.php(782): MyController->renderPartial()
#3 /var/www/html/project/protected/controllers/MyController.php(15): MyController->render()
#4 /home/admin2/WORKSPACE/PHP/YII/framework/web/actions/CInlineAction.php(49): MyController->actionAddComment()
#5 /home/admin2/WORKSPACE/PHP/YII/framework/web/CController.php(308): CInlineAction->runWithParams()
#6 /home/admin2/WORKSPACE/PHP/YII/framework/web/CController.php(286): MyController->runAction()
#7 /home/admin2/WORKSPACE/PHP/YII/framework/web/CController.php(265): MyController->runActionWithFilters()
#8 /home/admin2/WORKSPACE/PHP/YII/framework/web/CWebApplication.php(282): MyController->run()
#9 /home/admin2/WORKSPACE/PHP/YII/framework/web/CWebApplication.php(141): CWebApplication->runController()
#10 /home/admin2/WORKSPACE/PHP/YII/framework/base/CApplication.php(180): CWebApplication->processRequest()
#11 /var/www/html/project/index.php(13): CWebApplication->run()
REQUEST_URI=/project/index.php?r=my/addComment
in /var/www/html/project/protected/views/my/add.php (12)
in /var/www/html/project/protected/controllers/MyController.php (15)
in /var/www/html/project/index.php (13)
2014/07/24 16:53:08 [error] [php] Undefined variable: key (/var/www/html/project/protected/controllers/MyController.php:14)
Stack trace:
#0 /home/admin2/WORKSPACE/PHP/YII/framework/web/CController.php(286): MyController->runAction()
#1 /home/admin2/WORKSPACE/PHP/YII/framework/web/CController.php(265): MyController->runActionWithFilters()
#2 /home/admin2/WORKSPACE/PHP/YII/framework/web/CWebApplication.php(282): MyController->run()
#3 /home/admin2/WORKSPACE/PHP/YII/framework/web/CWebApplication.php(141): CWebApplication->runController()
#4 /home/admin2/WORKSPACE/PHP/YII/framework/base/CApplication.php(180): CWebApplication->processRequest()
#5 /var/www/html/project/index.php(13): CWebApplication->run()
REQUEST_URI=/project/index.php?r=my/addComment
in /var/www/html/project/protected/controllers/MyController.php (14)
in /var/www/html/project/index.php (13)
2014/07/24 16:53:41 [error] [php] Missing argument 1 for CHttpRequest::getPost(), called in /var/www/html/project/protected/controllers/MyController.php on line 14 and defined (/home/admin2/WORKSPACE/PHP/YII/framework/web/CHttpRequest.php:197)
Stack trace:
#0 /home/admin2/WORKSPACE/PHP/YII/framework/web/CController.php(308): CInlineAction->runWithParams()
#1 /home/admin2/WORKSPACE/PHP/YII/framework/web/CController.php(286): MyController->runAction()
#2 /home/admin2/WORKSPACE/PHP/YII/framework/web/CController.php(265): MyController->runActionWithFilters()
#3 /home/admin2/WORKSPACE/PHP/YII/framework/web/CWebApplication.php(282): MyController->run()
#4 /home/admin2/WORKSPACE/PHP/YII/framework/web/CWebApplication.php(141): CWebApplication->runController()
#5 /home/admin2/WORKSPACE/PHP/YII/framework/base/CApplication.php(180): CWebApplication->processRequest()
#6 /var/www/html/project/index.php(13): CWebApplication->run()
REQUEST_URI=/project/index.php?r=my/addComment
in /var/www/html/project/protected/controllers/MyController.php (14)
in /var/www/html/project/index.php (13)
2014/07/24 16:57:48 [warning] [application] Failed to set unsafe attribute "comment" of "MyModel".
in /var/www/html/project/protected/controllers/MyController.php (14)
in /var/www/html/project/index.php (13)
2014/07/24 16:57:48 [warning] [application] Failed to set unsafe attribute "username" of "MyModel".
in /var/www/html/project/protected/controllers/MyController.php (14)
in /var/www/html/project/index.php (13)
2014/07/24 16:57:48 [warning] [application] Failed to set unsafe attribute "password" of "MyModel".
in /var/www/html/project/protected/controllers/MyController.php (14)
in /var/www/html/project/index.php (13)
2014/07/24 16:57:48 [warning] [application] Failed to set unsafe attribute "rememberMe" of "MyModel".
in /var/www/html/project/protected/controllers/MyController.php (14)
in /var/www/html/project/index.php (13)
2014/07/24 16:58:43 [warning] [application] Failed to set unsafe attribute "comment" of "MyModel".
in /var/www/html/project/protected/controllers/MyController.php (14)
in /var/www/html/project/index.php (13)
2014/07/24 16:58:43 [warning] [application] Failed to set unsafe attribute "username" of "MyModel".
in /var/www/html/project/protected/controllers/MyController.php (14)
in /var/www/html/project/index.php (13)
2014/07/24 16:58:43 [warning] [application] Failed to set unsafe attribute "password" of "MyModel".
in /var/www/html/project/protected/controllers/MyController.php (14)
in /var/www/html/project/index.php (13)
2014/07/24 16:58:43 [warning] [application] Failed to set unsafe attribute "rememberMe" of "MyModel".
in /var/www/html/project/protected/controllers/MyController.php (14)
in /var/www/html/project/index.php (13)
2014/07/24 16:58:48 [warning] [application] Failed to set unsafe attribute "comment" of "MyModel".
in /var/www/html/project/protected/controllers/MyController.php (14)
in /var/www/html/project/index.php (13)
2014/07/24 16:58:48 [warning] [application] Failed to set unsafe attribute "username" of "MyModel".
in /var/www/html/project/protected/controllers/MyController.php (14)
in /var/www/html/project/index.php (13)
2014/07/24 16:58:48 [warning] [application] Failed to set unsafe attribute "password" of "MyModel".
in /var/www/html/project/protected/controllers/MyController.php (14)
in /var/www/html/project/index.php (13)
2014/07/24 16:58:48 [warning] [application] Failed to set unsafe attribute "rememberMe" of "MyModel".
in /var/www/html/project/protected/controllers/MyController.php (14)
in /var/www/html/project/index.php (13)
2014/07/24 16:59:06 [warning] [application] Failed to set unsafe attribute "comment" of "MyModel".
in /var/www/html/project/protected/controllers/MyController.php (14)
in /var/www/html/project/index.php (13)
2014/07/24 16:59:06 [warning] [application] Failed to set unsafe attribute "username" of "MyModel".
in /var/www/html/project/protected/controllers/MyController.php (14)
in /var/www/html/project/index.php (13)
2014/07/24 16:59:06 [warning] [application] Failed to set unsafe attribute "password" of "MyModel".
in /var/www/html/project/protected/controllers/MyController.php (14)
in /var/www/html/project/index.php (13)
2014/07/24 16:59:06 [warning] [application] Failed to set unsafe attribute "rememberMe" of "MyModel".
in /var/www/html/project/protected/controllers/MyController.php (14)
in /var/www/html/project/index.php (13)
2014/07/24 16:59:11 [warning] [application] Failed to set unsafe attribute "comment" of "MyModel".
in /var/www/html/project/protected/controllers/MyController.php (14)
in /var/www/html/project/index.php (13)
2014/07/24 16:59:11 [warning] [application] Failed to set unsafe attribute "username" of "MyModel".
in /var/www/html/project/protected/controllers/MyController.php (14)
in /var/www/html/project/index.php (13)
2014/07/24 16:59:11 [warning] [application] Failed to set unsafe attribute "password" of "MyModel".
in /var/www/html/project/protected/controllers/MyController.php (14)
in /var/www/html/project/index.php (13)
2014/07/24 16:59:11 [warning] [application] Failed to set unsafe attribute "rememberMe" of "MyModel".
in /var/www/html/project/protected/controllers/MyController.php (14)
in /var/www/html/project/index.php (13)
2014/07/24 16:59:20 [warning] [application] Failed to set unsafe attribute "comment" of "MyModel".
in /var/www/html/project/protected/controllers/MyController.php (14)
in /var/www/html/project/index.php (13)
2014/07/24 16:59:20 [warning] [application] Failed to set unsafe attribute "username" of "MyModel".
in /var/www/html/project/protected/controllers/MyController.php (14)
in /var/www/html/project/index.php (13)
2014/07/24 16:59:20 [warning] [application] Failed to set unsafe attribute "password" of "MyModel".
in /var/www/html/project/protected/controllers/MyController.php (14)
in /var/www/html/project/index.php (13)
2014/07/24 16:59:20 [warning] [application] Failed to set unsafe attribute "rememberMe" of "MyModel".
in /var/www/html/project/protected/controllers/MyController.php (14)
in /var/www/html/project/index.php (13)
2014/07/24 16:59:28 [warning] [application] Failed to set unsafe attribute "comment" of "MyModel".
in /var/www/html/project/protected/controllers/MyController.php (14)
in /var/www/html/project/index.php (13)
2014/07/24 16:59:28 [warning] [application] Failed to set unsafe attribute "username" of "MyModel".
in /var/www/html/project/protected/controllers/MyController.php (14)
in /var/www/html/project/index.php (13)
2014/07/24 16:59:28 [warning] [application] Failed to set unsafe attribute "password" of "MyModel".
in /var/www/html/project/protected/controllers/MyController.php (14)
in /var/www/html/project/index.php (13)
2014/07/24 16:59:28 [warning] [application] Failed to set unsafe attribute "rememberMe" of "MyModel".
in /var/www/html/project/protected/controllers/MyController.php (14)
in /var/www/html/project/index.php (13)
2014/07/24 16:59:35 [warning] [application] Failed to set unsafe attribute "comment" of "MyModel".
in /var/www/html/project/protected/controllers/MyController.php (14)
in /var/www/html/project/index.php (13)
2014/07/24 16:59:35 [warning] [application] Failed to set unsafe attribute "username" of "MyModel".
in /var/www/html/project/protected/controllers/MyController.php (14)
in /var/www/html/project/index.php (13)
2014/07/24 16:59:35 [warning] [application] Failed to set unsafe attribute "password" of "MyModel".
in /var/www/html/project/protected/controllers/MyController.php (14)
in /var/www/html/project/index.php (13)
2014/07/24 16:59:35 [warning] [application] Failed to set unsafe attribute "rememberMe" of "MyModel".
in /var/www/html/project/protected/controllers/MyController.php (14)
in /var/www/html/project/index.php (13)
2014/07/24 16:59:40 [warning] [application] Failed to set unsafe attribute "comment" of "MyModel".
in /var/www/html/project/protected/controllers/MyController.php (14)
in /var/www/html/project/index.php (13)
2014/07/24 16:59:40 [warning] [application] Failed to set unsafe attribute "username" of "MyModel".
in /var/www/html/project/protected/controllers/MyController.php (14)
in /var/www/html/project/index.php (13)
2014/07/24 16:59:40 [warning] [application] Failed to set unsafe attribute "password" of "MyModel".
in /var/www/html/project/protected/controllers/MyController.php (14)
in /var/www/html/project/index.php (13)
2014/07/24 16:59:40 [warning] [application] Failed to set unsafe attribute "rememberMe" of "MyModel".
in /var/www/html/project/protected/controllers/MyController.php (14)
in /var/www/html/project/index.php (13)
2014/07/24 17:00:01 [warning] [application] Failed to set unsafe attribute "comment" of "MyModel".
in /var/www/html/project/protected/controllers/MyController.php (15)
in /var/www/html/project/index.php (13)
2014/07/24 17:00:01 [warning] [application] Failed to set unsafe attribute "username" of "MyModel".
in /var/www/html/project/protected/controllers/MyController.php (15)
in /var/www/html/project/index.php (13)
2014/07/24 17:00:01 [warning] [application] Failed to set unsafe attribute "password" of "MyModel".
in /var/www/html/project/protected/controllers/MyController.php (15)
in /var/www/html/project/index.php (13)
2014/07/24 17:00:01 [warning] [application] Failed to set unsafe attribute "rememberMe" of "MyModel".
in /var/www/html/project/protected/controllers/MyController.php (15)
in /var/www/html/project/index.php (13)
2014/07/24 17:00:06 [warning] [application] Failed to set unsafe attribute "comment" of "MyModel".
in /var/www/html/project/protected/controllers/MyController.php (15)
in /var/www/html/project/index.php (13)
2014/07/24 17:00:06 [warning] [application] Failed to set unsafe attribute "username" of "MyModel".
in /var/www/html/project/protected/controllers/MyController.php (15)
in /var/www/html/project/index.php (13)
2014/07/24 17:00:06 [warning] [application] Failed to set unsafe attribute "password" of "MyModel".
in /var/www/html/project/protected/controllers/MyController.php (15)
in /var/www/html/project/index.php (13)
2014/07/24 17:00:06 [warning] [application] Failed to set unsafe attribute "rememberMe" of "MyModel".
in /var/www/html/project/protected/controllers/MyController.php (15)
in /var/www/html/project/index.php (13)
2014/07/24 17:00:10 [warning] [application] Failed to set unsafe attribute "comment" of "MyModel".
in /var/www/html/project/protected/controllers/MyController.php (15)
in /var/www/html/project/index.php (13)
2014/07/24 17:00:10 [warning] [application] Failed to set unsafe attribute "username" of "MyModel".
in /var/www/html/project/protected/controllers/MyController.php (15)
in /var/www/html/project/index.php (13)
2014/07/24 17:00:10 [warning] [application] Failed to set unsafe attribute "password" of "MyModel".
in /var/www/html/project/protected/controllers/MyController.php (15)
in /var/www/html/project/index.php (13)
2014/07/24 17:00:10 [warning] [application] Failed to set unsafe attribute "rememberMe" of "MyModel".
in /var/www/html/project/protected/controllers/MyController.php (15)
in /var/www/html/project/index.php (13)
2014/07/24 17:00:50 [warning] [application] Failed to set unsafe attribute "comment" of "MyModel".
in /var/www/html/project/protected/controllers/MyController.php (15)
in /var/www/html/project/index.php (13)
2014/07/24 17:00:50 [warning] [application] Failed to set unsafe attribute "username" of "MyModel".
in /var/www/html/project/protected/controllers/MyController.php (15)
in /var/www/html/project/index.php (13)
2014/07/24 17:00:50 [warning] [application] Failed to set unsafe attribute "password" of "MyModel".
in /var/www/html/project/protected/controllers/MyController.php (15)
in /var/www/html/project/index.php (13)
2014/07/24 17:00:50 [warning] [application] Failed to set unsafe attribute "rememberMe" of "MyModel".
in /var/www/html/project/protected/controllers/MyController.php (15)
in /var/www/html/project/index.php (13)
2014/07/24 17:01:22 [warning] [application] Failed to set unsafe attribute "comment" of "MyModel".
in /var/www/html/project/protected/controllers/MyController.php (15)
in /var/www/html/project/index.php (13)
2014/07/24 17:01:22 [warning] [application] Failed to set unsafe attribute "username" of "MyModel".
in /var/www/html/project/protected/controllers/MyController.php (15)
in /var/www/html/project/index.php (13)
2014/07/24 17:01:22 [warning] [application] Failed to set unsafe attribute "password" of "MyModel".
in /var/www/html/project/protected/controllers/MyController.php (15)
in /var/www/html/project/index.php (13)
2014/07/24 17:01:22 [warning] [application] Failed to set unsafe attribute "rememberMe" of "MyModel".
in /var/www/html/project/protected/controllers/MyController.php (15)
in /var/www/html/project/index.php (13)
2014/07/24 17:02:31 [error] [php] Indirect modification of overloaded property MyModel::$attributes has no effect (/var/www/html/project/protected/controllers/MyController.php:15)
Stack trace:
#0 /home/admin2/WORKSPACE/PHP/YII/framework/web/CController.php(286): MyController->runAction()
#1 /home/admin2/WORKSPACE/PHP/YII/framework/web/CController.php(265): MyController->runActionWithFilters()
#2 /home/admin2/WORKSPACE/PHP/YII/framework/web/CWebApplication.php(282): MyController->run()
#3 /home/admin2/WORKSPACE/PHP/YII/framework/web/CWebApplication.php(141): CWebApplication->runController()
#4 /home/admin2/WORKSPACE/PHP/YII/framework/base/CApplication.php(180): CWebApplication->processRequest()
#5 /var/www/html/project/index.php(13): CWebApplication->run()
REQUEST_URI=/project/index.php?r=my/addComment
in /var/www/html/project/protected/controllers/MyController.php (15)
in /var/www/html/project/index.php (13)
2014/07/24 17:04:23 [error] [php] include(authenticate.php): failed to open stream: No such file or directory (/home/admin2/WORKSPACE/PHP/YII/framework/YiiBase.php:427)
Stack trace:
#0 /home/admin2/WORKSPACE/PHP/YII/framework/validators/CValidator.php(186): import()
#1 /home/admin2/WORKSPACE/PHP/YII/framework/base/CModel.php(287): createValidator()
#2 /home/admin2/WORKSPACE/PHP/YII/framework/base/CModel.php(260): MyModel->createValidators()
#3 /home/admin2/WORKSPACE/PHP/YII/framework/web/helpers/CHtml.php(2236): MyModel->getValidators()
#4 /home/admin2/WORKSPACE/PHP/YII/framework/web/helpers/CHtml.php(1434): activeInputField()
#5 /var/www/html/project/protected/views/my/add.php(24): activeTextField()
#6 /home/admin2/WORKSPACE/PHP/YII/framework/web/CBaseController.php(126): require()
#7 /home/admin2/WORKSPACE/PHP/YII/framework/web/CBaseController.php(95): MyController->renderInternal()
#8 /home/admin2/WORKSPACE/PHP/YII/framework/web/CController.php(869): MyController->renderFile()
#9 /home/admin2/WORKSPACE/PHP/YII/framework/web/CController.php(782): MyController->renderPartial()
#10 /var/www/html/project/protected/controllers/MyController.php(18): MyController->render()
#11 /home/admin2/WORKSPACE/PHP/YII/framework/web/actions/CInlineAction.php(49): MyController->actionAddComment()
#12 /home/admin2/WORKSPACE/PHP/YII/framework/web/CController.php(308): CInlineAction->runWithParams()
#13 /home/admin2/WORKSPACE/PHP/YII/framework/web/CController.php(286): MyController->runAction()
#14 /home/admin2/WORKSPACE/PHP/YII/framework/web/CController.php(265): MyController->runActionWithFilters()
#15 /home/admin2/WORKSPACE/PHP/YII/framework/web/CWebApplication.php(282): MyController->run()
#16 /home/admin2/WORKSPACE/PHP/YII/framework/web/CWebApplication.php(141): CWebApplication->runController()
#17 /home/admin2/WORKSPACE/PHP/YII/framework/base/CApplication.php(180): CWebApplication->processRequest()
#18 /var/www/html/project/index.php(13): CWebApplication->run()
REQUEST_URI=/project/index.php?r=my/addComment
in /var/www/html/project/protected/views/my/add.php (24)
in /var/www/html/project/protected/controllers/MyController.php (18)
in /var/www/html/project/index.php (13)
2014/07/24 17:04:43 [error] [php] include(authenticate.php): failed to open stream: No such file or directory (/home/admin2/WORKSPACE/PHP/YII/framework/YiiBase.php:427)
Stack trace:
#0 /home/admin2/WORKSPACE/PHP/YII/framework/validators/CValidator.php(186): import()
#1 /home/admin2/WORKSPACE/PHP/YII/framework/base/CModel.php(287): createValidator()
#2 /home/admin2/WORKSPACE/PHP/YII/framework/base/CModel.php(260): MyModel->createValidators()
#3 /home/admin2/WORKSPACE/PHP/YII/framework/web/helpers/CHtml.php(2236): MyModel->getValidators()
#4 /home/admin2/WORKSPACE/PHP/YII/framework/web/helpers/CHtml.php(1434): activeInputField()
#5 /var/www/html/project/protected/views/my/add.php(24): activeTextField()
#6 /home/admin2/WORKSPACE/PHP/YII/framework/web/CBaseController.php(126): require()
#7 /home/admin2/WORKSPACE/PHP/YII/framework/web/CBaseController.php(95): MyController->renderInternal()
#8 /home/admin2/WORKSPACE/PHP/YII/framework/web/CController.php(869): MyController->renderFile()
#9 /home/admin2/WORKSPACE/PHP/YII/framework/web/CController.php(782): MyController->renderPartial()
#10 /var/www/html/project/protected/controllers/MyController.php(18): MyController->render()
#11 /home/admin2/WORKSPACE/PHP/YII/framework/web/actions/CInlineAction.php(49): MyController->actionAddComment()
#12 /home/admin2/WORKSPACE/PHP/YII/framework/web/CController.php(308): CInlineAction->runWithParams()
#13 /home/admin2/WORKSPACE/PHP/YII/framework/web/CController.php(286): MyController->runAction()
#14 /home/admin2/WORKSPACE/PHP/YII/framework/web/CController.php(265): MyController->runActionWithFilters()
#15 /home/admin2/WORKSPACE/PHP/YII/framework/web/CWebApplication.php(282): MyController->run()
#16 /home/admin2/WORKSPACE/PHP/YII/framework/web/CWebApplication.php(141): CWebApplication->runController()
#17 /home/admin2/WORKSPACE/PHP/YII/framework/base/CApplication.php(180): CWebApplication->processRequest()
#18 /var/www/html/project/index.php(13): CWebApplication->run()
REQUEST_URI=/project/index.php?r=my/addComment
in /var/www/html/project/protected/views/my/add.php (24)
in /var/www/html/project/protected/controllers/MyController.php (18)
in /var/www/html/project/index.php (13)
2014/07/24 17:04:53 [error] [php] include(authenticate.php): failed to open stream: No such file or directory (/home/admin2/WORKSPACE/PHP/YII/framework/YiiBase.php:427)
Stack trace:
#0 /home/admin2/WORKSPACE/PHP/YII/framework/validators/CValidator.php(186): import()
#1 /home/admin2/WORKSPACE/PHP/YII/framework/base/CModel.php(287): createValidator()
#2 /home/admin2/WORKSPACE/PHP/YII/framework/base/CModel.php(260): MyModel->createValidators()
#3 /home/admin2/WORKSPACE/PHP/YII/framework/web/helpers/CHtml.php(2236): MyModel->getValidators()
#4 /home/admin2/WORKSPACE/PHP/YII/framework/web/helpers/CHtml.php(1434): activeInputField()
#5 /var/www/html/project/protected/views/my/add.php(23): activeTextField()
#6 /home/admin2/WORKSPACE/PHP/YII/framework/web/CBaseController.php(126): require()
#7 /home/admin2/WORKSPACE/PHP/YII/framework/web/CBaseController.php(95): MyController->renderInternal()
#8 /home/admin2/WORKSPACE/PHP/YII/framework/web/CController.php(869): MyController->renderFile()
#9 /home/admin2/WORKSPACE/PHP/YII/framework/web/CController.php(782): MyController->renderPartial()
#10 /var/www/html/project/protected/controllers/MyController.php(18): MyController->render()
#11 /home/admin2/WORKSPACE/PHP/YII/framework/web/actions/CInlineAction.php(49): MyController->actionAddComment()
#12 /home/admin2/WORKSPACE/PHP/YII/framework/web/CController.php(308): CInlineAction->runWithParams()
#13 /home/admin2/WORKSPACE/PHP/YII/framework/web/CController.php(286): MyController->runAction()
#14 /home/admin2/WORKSPACE/PHP/YII/framework/web/CController.php(265): MyController->runActionWithFilters()
#15 /home/admin2/WORKSPACE/PHP/YII/framework/web/CWebApplication.php(282): MyController->run()
#16 /home/admin2/WORKSPACE/PHP/YII/framework/web/CWebApplication.php(141): CWebApplication->runController()
#17 /home/admin2/WORKSPACE/PHP/YII/framework/base/CApplication.php(180): CWebApplication->processRequest()
#18 /var/www/html/project/index.php(13): CWebApplication->run()
REQUEST_URI=/project/index.php?r=my/addComment
in /var/www/html/project/protected/views/my/add.php (23)
in /var/www/html/project/protected/controllers/MyController.php (18)
in /var/www/html/project/index.php (13)
2014/07/24 17:06:06 [error] [php] include(authenticate.php): failed to open stream: No such file or directory (/home/admin2/WORKSPACE/PHP/YII/framework/YiiBase.php:427)
Stack trace:
#0 /home/admin2/WORKSPACE/PHP/YII/framework/validators/CValidator.php(186): import()
#1 /home/admin2/WORKSPACE/PHP/YII/framework/base/CModel.php(287): createValidator()
#2 /home/admin2/WORKSPACE/PHP/YII/framework/base/CModel.php(260): MyModel->createValidators()
#3 /home/admin2/WORKSPACE/PHP/YII/framework/web/helpers/CHtml.php(2236): MyModel->getValidators()
#4 /home/admin2/WORKSPACE/PHP/YII/framework/web/helpers/CHtml.php(1434): activeInputField()
#5 /var/www/html/project/protected/views/my/add.php(23): activeTextField()
#6 /home/admin2/WORKSPACE/PHP/YII/framework/web/CBaseController.php(126): require()
#7 /home/admin2/WORKSPACE/PHP/YII/framework/web/CBaseController.php(95): MyController->renderInternal()
#8 /home/admin2/WORKSPACE/PHP/YII/framework/web/CController.php(869): MyController->renderFile()
#9 /home/admin2/WORKSPACE/PHP/YII/framework/web/CController.php(782): MyController->renderPartial()
#10 /var/www/html/project/protected/controllers/MyController.php(18): MyController->render()
#11 /home/admin2/WORKSPACE/PHP/YII/framework/web/actions/CInlineAction.php(49): MyController->actionAddComment()
#12 /home/admin2/WORKSPACE/PHP/YII/framework/web/CController.php(308): CInlineAction->runWithParams()
#13 /home/admin2/WORKSPACE/PHP/YII/framework/web/CController.php(286): MyController->runAction()
#14 /home/admin2/WORKSPACE/PHP/YII/framework/web/CController.php(265): MyController->runActionWithFilters()
#15 /home/admin2/WORKSPACE/PHP/YII/framework/web/CWebApplication.php(282): MyController->run()
#16 /home/admin2/WORKSPACE/PHP/YII/framework/web/CWebApplication.php(141): CWebApplication->runController()
#17 /home/admin2/WORKSPACE/PHP/YII/framework/base/CApplication.php(180): CWebApplication->processRequest()
#18 /var/www/html/project/index.php(13): CWebApplication->run()
REQUEST_URI=/project/index.php?r=my/addComment
in /var/www/html/project/protected/views/my/add.php (23)
in /var/www/html/project/protected/controllers/MyController.php (18)
in /var/www/html/project/index.php (13)
2014/07/24 17:06:26 [error] [php] include(authenticate.php): failed to open stream: No such file or directory (/home/admin2/WORKSPACE/PHP/YII/framework/YiiBase.php:427)
Stack trace:
#0 /home/admin2/WORKSPACE/PHP/YII/framework/validators/CValidator.php(186): import()
#1 /home/admin2/WORKSPACE/PHP/YII/framework/base/CModel.php(287): createValidator()
#2 /home/admin2/WORKSPACE/PHP/YII/framework/base/CModel.php(260): MyModel->createValidators()
#3 /home/admin2/WORKSPACE/PHP/YII/framework/web/helpers/CHtml.php(2236): MyModel->getValidators()
#4 /home/admin2/WORKSPACE/PHP/YII/framework/web/helpers/CHtml.php(1434): activeInputField()
#5 /var/www/html/project/protected/views/my/add.php(23): activeTextField()
#6 /home/admin2/WORKSPACE/PHP/YII/framework/web/CBaseController.php(126): require()
#7 /home/admin2/WORKSPACE/PHP/YII/framework/web/CBaseController.php(95): MyController->renderInternal()
#8 /home/admin2/WORKSPACE/PHP/YII/framework/web/CController.php(869): MyController->renderFile()
#9 /home/admin2/WORKSPACE/PHP/YII/framework/web/CController.php(782): MyController->renderPartial()
#10 /var/www/html/project/protected/controllers/MyController.php(18): MyController->render()
#11 /home/admin2/WORKSPACE/PHP/YII/framework/web/actions/CInlineAction.php(49): MyController->actionAddComment()
#12 /home/admin2/WORKSPACE/PHP/YII/framework/web/CController.php(308): CInlineAction->runWithParams()
#13 /home/admin2/WORKSPACE/PHP/YII/framework/web/CController.php(286): MyController->runAction()
#14 /home/admin2/WORKSPACE/PHP/YII/framework/web/CController.php(265): MyController->runActionWithFilters()
#15 /home/admin2/WORKSPACE/PHP/YII/framework/web/CWebApplication.php(282): MyController->run()
#16 /home/admin2/WORKSPACE/PHP/YII/framework/web/CWebApplication.php(141): CWebApplication->runController()
#17 /home/admin2/WORKSPACE/PHP/YII/framework/base/CApplication.php(180): CWebApplication->processRequest()
#18 /var/www/html/project/index.php(13): CWebApplication->run()
REQUEST_URI=/project/index.php?r=my/addComment
in /var/www/html/project/protected/views/my/add.php (23)
in /var/www/html/project/protected/controllers/MyController.php (18)
in /var/www/html/project/index.php (13)
2014/07/24 17:08:30 [error] [php] include(authenticate.php): failed to open stream: No such file or directory (/home/admin2/WORKSPACE/PHP/YII/framework/YiiBase.php:427)
Stack trace:
#0 /home/admin2/WORKSPACE/PHP/YII/framework/validators/CValidator.php(186): import()
#1 /home/admin2/WORKSPACE/PHP/YII/framework/base/CModel.php(287): createValidator()
#2 /home/admin2/WORKSPACE/PHP/YII/framework/base/CModel.php(260): MyModel->createValidators()
#3 /home/admin2/WORKSPACE/PHP/YII/framework/web/helpers/CHtml.php(2236): MyModel->getValidators()
#4 /home/admin2/WORKSPACE/PHP/YII/framework/web/helpers/CHtml.php(1434): activeInputField()
#5 /var/www/html/project/protected/views/my/add.php(23): activeTextField()
#6 /home/admin2/WORKSPACE/PHP/YII/framework/web/CBaseController.php(126): require()
#7 /home/admin2/WORKSPACE/PHP/YII/framework/web/CBaseController.php(95): MyController->renderInternal()
#8 /home/admin2/WORKSPACE/PHP/YII/framework/web/CController.php(869): MyController->renderFile()
#9 /home/admin2/WORKSPACE/PHP/YII/framework/web/CController.php(782): MyController->renderPartial()
#10 /var/www/html/project/protected/controllers/MyController.php(18): MyController->render()
#11 /home/admin2/WORKSPACE/PHP/YII/framework/web/actions/CInlineAction.php(49): MyController->actionAddComment()
#12 /home/admin2/WORKSPACE/PHP/YII/framework/web/CController.php(308): CInlineAction->runWithParams()
#13 /home/admin2/WORKSPACE/PHP/YII/framework/web/CController.php(286): MyController->runAction()
#14 /home/admin2/WORKSPACE/PHP/YII/framework/web/CController.php(265): MyController->runActionWithFilters()
#15 /home/admin2/WORKSPACE/PHP/YII/framework/web/CWebApplication.php(282): MyController->run()
#16 /home/admin2/WORKSPACE/PHP/YII/framework/web/CWebApplication.php(141): CWebApplication->runController()
#17 /home/admin2/WORKSPACE/PHP/YII/framework/base/CApplication.php(180): CWebApplication->processRequest()
#18 /var/www/html/project/index.php(13): CWebApplication->run()
REQUEST_URI=/project/index.php?r=my/addComment
in /var/www/html/project/protected/views/my/add.php (23)
in /var/www/html/project/protected/controllers/MyController.php (18)
in /var/www/html/project/index.php (13)
2014/07/24 17:09:32 [error] [exception.CException] exception 'CException' with message 'Property "MyModel.password" is not defined.' in /home/admin2/WORKSPACE/PHP/YII/framework/base/CComponent.php:130
Stack trace:
#0 /home/admin2/WORKSPACE/PHP/YII/framework/web/helpers/CHtml.php(2529): CComponent->__get('password')
#1 /home/admin2/WORKSPACE/PHP/YII/framework/web/helpers/CHtml.php(2252): CHtml::resolveValue(Object(MyModel), 'password')
#2 /home/admin2/WORKSPACE/PHP/YII/framework/web/helpers/CHtml.php(1628): CHtml::activeInputField('password', Object(MyModel), 'password', Array)
#3 /var/www/html/project/protected/views/my/add.php(33): CHtml::activePasswordField(Object(MyModel), 'password')
#4 /home/admin2/WORKSPACE/PHP/YII/framework/web/CBaseController.php(126): require('/var/www/html/p...')
#5 /home/admin2/WORKSPACE/PHP/YII/framework/web/CBaseController.php(95): CBaseController->renderInternal('/var/www/html/p...', Array, true)
#6 /home/admin2/WORKSPACE/PHP/YII/framework/web/CController.php(869): CBaseController->renderFile('/var/www/html/p...', Array, true)
#7 /home/admin2/WORKSPACE/PHP/YII/framework/web/CController.php(782): CController->renderPartial('add', Array, true)
#8 /var/www/html/project/protected/controllers/MyController.php(18): CController->render('add', Array)
#9 /home/admin2/WORKSPACE/PHP/YII/framework/web/actions/CInlineAction.php(49): MyController->actionAddComment()
#10 /home/admin2/WORKSPACE/PHP/YII/framework/web/CController.php(308): CInlineAction->runWithParams(Array)
#11 /home/admin2/WORKSPACE/PHP/YII/framework/web/CController.php(286): CController->runAction(Object(CInlineAction))
#12 /home/admin2/WORKSPACE/PHP/YII/framework/web/CController.php(265): CController->runActionWithFilters(Object(CInlineAction), Array)
#13 /home/admin2/WORKSPACE/PHP/YII/framework/web/CWebApplication.php(282): CController->run('addComment')
#14 /home/admin2/WORKSPACE/PHP/YII/framework/web/CWebApplication.php(141): CWebApplication->runController('my/addComment')
#15 /home/admin2/WORKSPACE/PHP/YII/framework/base/CApplication.php(180): CWebApplication->processRequest()
#16 /var/www/html/project/index.php(13): CApplication->run()
#17 {main}
REQUEST_URI=/project/index.php?r=my/addComment
HTTP_REFERER=http://localhost/project/index.php?r=my/addComment
---
2014/07/24 17:12:47 [warning] [application] Failed to set unsafe attribute "password" of "MyModel".
in /var/www/html/project/protected/controllers/MyController.php (16)
in /var/www/html/project/index.php (13)
2014/07/24 17:12:47 [warning] [application] Failed to set unsafe attribute "rememberMe" of "MyModel".
in /var/www/html/project/protected/controllers/MyController.php (16)
in /var/www/html/project/index.php (13)
2014/07/24 17:13:12 [warning] [application] Failed to set unsafe attribute "password" of "MyModel".
in /var/www/html/project/protected/controllers/MyController.php (16)
in /var/www/html/project/index.php (13)
2014/07/24 17:13:12 [warning] [application] Failed to set unsafe attribute "rememberMe" of "MyModel".
in /var/www/html/project/protected/controllers/MyController.php (16)
in /var/www/html/project/index.php (13)
2014/07/24 17:13:12 [error] [php] Undefined variable: attributes (/var/www/html/project/protected/views/my/add.php:12)
Stack trace:
#0 /home/admin2/WORKSPACE/PHP/YII/framework/web/CController.php(869): MyController->renderFile()
#1 /home/admin2/WORKSPACE/PHP/YII/framework/web/CController.php(782): MyController->renderPartial()
#2 /var/www/html/project/protected/controllers/MyController.php(17): MyController->render()
#3 /home/admin2/WORKSPACE/PHP/YII/framework/web/actions/CInlineAction.php(49): MyController->actionAddComment()
#4 /home/admin2/WORKSPACE/PHP/YII/framework/web/CController.php(308): CInlineAction->runWithParams()
#5 /home/admin2/WORKSPACE/PHP/YII/framework/web/CController.php(286): MyController->runAction()
#6 /home/admin2/WORKSPACE/PHP/YII/framework/web/CController.php(265): MyController->runActionWithFilters()
#7 /home/admin2/WORKSPACE/PHP/YII/framework/web/CWebApplication.php(282): MyController->run()
#8 /home/admin2/WORKSPACE/PHP/YII/framework/web/CWebApplication.php(141): CWebApplication->runController()
#9 /home/admin2/WORKSPACE/PHP/YII/framework/base/CApplication.php(180): CWebApplication->processRequest()
#10 /var/www/html/project/index.php(13): CWebApplication->run()
REQUEST_URI=/project/index.php?r=my/addComment
in /var/www/html/project/protected/views/my/add.php (12)
in /var/www/html/project/protected/controllers/MyController.php (17)
in /var/www/html/project/index.php (13)
2014/07/24 17:13:35 [warning] [application] Failed to set unsafe attribute "password" of "MyModel".
in /var/www/html/project/protected/controllers/MyController.php (16)
in /var/www/html/project/index.php (13)
2014/07/24 17:13:35 [warning] [application] Failed to set unsafe attribute "rememberMe" of "MyModel".
in /var/www/html/project/protected/controllers/MyController.php (16)
in /var/www/html/project/index.php (13)
2014/07/24 17:14:07 [warning] [application] Failed to set unsafe attribute "password" of "MyModel".
in /var/www/html/project/protected/controllers/MyController.php (16)
in /var/www/html/project/index.php (13)
2014/07/24 17:14:07 [warning] [application] Failed to set unsafe attribute "rememberMe" of "MyModel".
in /var/www/html/project/protected/controllers/MyController.php (16)
in /var/www/html/project/index.php (13)
2014/07/24 17:17:04 [warning] [application] Failed to set unsafe attribute "password" of "MyModel".
in /var/www/html/project/protected/controllers/MyController.php (16)
in /var/www/html/project/index.php (13)
2014/07/24 17:17:04 [warning] [application] Failed to set unsafe attribute "rememberMe" of "MyModel".
in /var/www/html/project/protected/controllers/MyController.php (16)
in /var/www/html/project/index.php (13)
2014/07/24 17:17:34 [warning] [application] Failed to set unsafe attribute "password" of "MyModel".
in /var/www/html/project/protected/controllers/MyController.php (16)
in /var/www/html/project/index.php (13)
2014/07/24 17:17:34 [warning] [application] Failed to set unsafe attribute "rememberMe" of "MyModel".
in /var/www/html/project/protected/controllers/MyController.php (16)
in /var/www/html/project/index.php (13)
2014/07/24 17:18:37 [warning] [application] Failed to set unsafe attribute "password" of "MyModel".
in /var/www/html/project/protected/controllers/MyController.php (16)
in /var/www/html/project/index.php (13)
2014/07/24 17:18:37 [warning] [application] Failed to set unsafe attribute "rememberMe" of "MyModel".
in /var/www/html/project/protected/controllers/MyController.php (16)
in /var/www/html/project/index.php (13)
2014/07/24 17:22:28 [error] [php] include(save.php): failed to open stream: No such file or directory (/home/admin2/WORKSPACE/PHP/YII/framework/YiiBase.php:427)
Stack trace:
#0 /home/admin2/WORKSPACE/PHP/YII/framework/validators/CValidator.php(186): import()
#1 /home/admin2/WORKSPACE/PHP/YII/framework/base/CModel.php(287): createValidator()
#2 /home/admin2/WORKSPACE/PHP/YII/framework/base/CModel.php(260): MyModel->createValidators()
#3 /home/admin2/WORKSPACE/PHP/YII/framework/base/CModel.php(547): MyModel->getValidators()
#4 /home/admin2/WORKSPACE/PHP/YII/framework/base/CModel.php(468): MyModel->getSafeAttributeNames()
#5 /home/admin2/WORKSPACE/PHP/YII/framework/base/CComponent.php(152): MyModel->setAttributes()
#6 /var/www/html/project/protected/controllers/MyController.php(16): MyModel->__set()
#7 /home/admin2/WORKSPACE/PHP/YII/framework/web/actions/CInlineAction.php(49): MyController->actionAddComment()
#8 /home/admin2/WORKSPACE/PHP/YII/framework/web/CController.php(308): CInlineAction->runWithParams()
#9 /home/admin2/WORKSPACE/PHP/YII/framework/web/CController.php(286): MyController->runAction()
#10 /home/admin2/WORKSPACE/PHP/YII/framework/web/CController.php(265): MyController->runActionWithFilters()
#11 /home/admin2/WORKSPACE/PHP/YII/framework/web/CWebApplication.php(282): MyController->run()
#12 /home/admin2/WORKSPACE/PHP/YII/framework/web/CWebApplication.php(141): CWebApplication->runController()
#13 /home/admin2/WORKSPACE/PHP/YII/framework/base/CApplication.php(180): CWebApplication->processRequest()
#14 /var/www/html/project/index.php(13): CWebApplication->run()
REQUEST_URI=/project/index.php?r=my/addComment
in /var/www/html/project/protected/controllers/MyController.php (16)
in /var/www/html/project/index.php (13)
2014/07/24 17:23:49 [error] [php] Missing argument 2 for CHtml::label(), called in /var/www/html/project/protected/views/my/add.php on line 13 and defined (/home/admin2/WORKSPACE/PHP/YII/framework/web/helpers/CHtml.php:562)
Stack trace:
#0 /home/admin2/WORKSPACE/PHP/YII/framework/web/CBaseController.php(95): MyController->renderInternal()
#1 /home/admin2/WORKSPACE/PHP/YII/framework/web/CController.php(869): MyController->renderFile()
#2 /home/admin2/WORKSPACE/PHP/YII/framework/web/CController.php(782): MyController->renderPartial()
#3 /var/www/html/project/protected/controllers/MyController.php(17): MyController->render()
#4 /home/admin2/WORKSPACE/PHP/YII/framework/web/actions/CInlineAction.php(49): MyController->actionAddComment()
#5 /home/admin2/WORKSPACE/PHP/YII/framework/web/CController.php(308): CInlineAction->runWithParams()
#6 /home/admin2/WORKSPACE/PHP/YII/framework/web/CController.php(286): MyController->runAction()
#7 /home/admin2/WORKSPACE/PHP/YII/framework/web/CController.php(265): MyController->runActionWithFilters()
#8 /home/admin2/WORKSPACE/PHP/YII/framework/web/CWebApplication.php(282): MyController->run()
#9 /home/admin2/WORKSPACE/PHP/YII/framework/web/CWebApplication.php(141): CWebApplication->runController()
#10 /home/admin2/WORKSPACE/PHP/YII/framework/base/CApplication.php(180): CWebApplication->processRequest()
#11 /var/www/html/project/index.php(13): CWebApplication->run()
REQUEST_URI=/project/index.php?r=my/addComment
in /var/www/html/project/protected/views/my/add.php (13)
in /var/www/html/project/protected/controllers/MyController.php (17)
in /var/www/html/project/index.php (13)
2014/07/24 18:00:56 [error] [php] array_push() expects parameter 1 to be array, null given (/var/www/html/project/protected/models/MyModel.php:24)
Stack trace:
#0 /home/admin2/WORKSPACE/PHP/YII/framework/web/actions/CInlineAction.php(49): MyController->actionAddComment()
#1 /home/admin2/WORKSPACE/PHP/YII/framework/web/CController.php(308): CInlineAction->runWithParams()
#2 /home/admin2/WORKSPACE/PHP/YII/framework/web/CController.php(286): MyController->runAction()
#3 /home/admin2/WORKSPACE/PHP/YII/framework/web/CController.php(265): MyController->runActionWithFilters()
#4 /home/admin2/WORKSPACE/PHP/YII/framework/web/CWebApplication.php(282): MyController->run()
#5 /home/admin2/WORKSPACE/PHP/YII/framework/web/CWebApplication.php(141): CWebApplication->runController()
#6 /home/admin2/WORKSPACE/PHP/YII/framework/base/CApplication.php(180): CWebApplication->processRequest()
#7 /var/www/html/project/index.php(13): CWebApplication->run()
REQUEST_URI=/project/index.php?r=my/addComment
in /var/www/html/project/protected/models/MyModel.php (24)
in /var/www/html/project/protected/controllers/MyController.php (19)
in /var/www/html/project/index.php (13)
2014/07/24 18:13:15 [error] [exception.CException] exception 'CException' with message 'MyModel and its behaviors do not have a method or closure named "load".' in /home/admin2/WORKSPACE/PHP/YII/framework/base/CComponent.php:266
Stack trace:
#0 /var/www/html/project/protected/views/my/add.php(14): CComponent->__call('load', Array)
#1 /var/www/html/project/protected/views/my/add.php(14): MyModel->load()
#2 /home/admin2/WORKSPACE/PHP/YII/framework/web/CBaseController.php(126): require('/var/www/html/p...')
#3 /home/admin2/WORKSPACE/PHP/YII/framework/web/CBaseController.php(95): CBaseController->renderInternal('/var/www/html/p...', Array, true)
#4 /home/admin2/WORKSPACE/PHP/YII/framework/web/CController.php(869): CBaseController->renderFile('/var/www/html/p...', Array, true)
#5 /home/admin2/WORKSPACE/PHP/YII/framework/web/CController.php(782): CController->renderPartial('add', Array, true)
#6 /var/www/html/project/protected/controllers/MyController.php(23): CController->render('add', Array)
#7 /home/admin2/WORKSPACE/PHP/YII/framework/web/actions/CInlineAction.php(49): MyController->actionAddComment()
#8 /home/admin2/WORKSPACE/PHP/YII/framework/web/CController.php(308): CInlineAction->runWithParams(Array)
#9 /home/admin2/WORKSPACE/PHP/YII/framework/web/CController.php(286): CController->runAction(Object(CInlineAction))
#10 /home/admin2/WORKSPACE/PHP/YII/framework/web/CController.php(265): CController->runActionWithFilters(Object(CInlineAction), Array)
#11 /home/admin2/WORKSPACE/PHP/YII/framework/web/CWebApplication.php(282): CController->run('addComment')
#12 /home/admin2/WORKSPACE/PHP/YII/framework/web/CWebApplication.php(141): CWebApplication->runController('my/addComment')
#13 /home/admin2/WORKSPACE/PHP/YII/framework/base/CApplication.php(180): CWebApplication->processRequest()
#14 /var/www/html/project/index.php(13): CApplication->run()
#15 {main}
REQUEST_URI=/project/index.php?r=my/addComment
HTTP_REFERER=http://localhost/project/index.php?r=my/addComment
---
2014/07/24 18:24:58 [error] [php] Trying to get property of non-object (/var/www/html/project/protected/views/my/add.php:15)
Stack trace:
#0 /home/admin2/WORKSPACE/PHP/YII/framework/web/CController.php(869): MyController->renderFile()
#1 /home/admin2/WORKSPACE/PHP/YII/framework/web/CController.php(782): MyController->renderPartial()
#2 /var/www/html/project/protected/controllers/MyController.php(23): MyController->render()
#3 /home/admin2/WORKSPACE/PHP/YII/framework/web/actions/CInlineAction.php(49): MyController->actionAddComment()
#4 /home/admin2/WORKSPACE/PHP/YII/framework/web/CController.php(308): CInlineAction->runWithParams()
#5 /home/admin2/WORKSPACE/PHP/YII/framework/web/CController.php(286): MyController->runAction()
#6 /home/admin2/WORKSPACE/PHP/YII/framework/web/CController.php(265): MyController->runActionWithFilters()
#7 /home/admin2/WORKSPACE/PHP/YII/framework/web/CWebApplication.php(282): MyController->run()
#8 /home/admin2/WORKSPACE/PHP/YII/framework/web/CWebApplication.php(141): CWebApplication->runController()
#9 /home/admin2/WORKSPACE/PHP/YII/framework/base/CApplication.php(180): CWebApplication->processRequest()
#10 /var/www/html/project/index.php(13): CWebApplication->run()
REQUEST_URI=/project/index.php?r=my/addComment
in /var/www/html/project/protected/views/my/add.php (15)
in /var/www/html/project/protected/controllers/MyController.php (23)
in /var/www/html/project/index.php (13)
2014/07/24 18:26:30 [error] [php] Trying to get property of non-object (/var/www/html/project/protected/views/my/add.php:17)
Stack trace:
#0 /home/admin2/WORKSPACE/PHP/YII/framework/web/CController.php(869): MyController->renderFile()
#1 /home/admin2/WORKSPACE/PHP/YII/framework/web/CController.php(782): MyController->renderPartial()
#2 /var/www/html/project/protected/controllers/MyController.php(23): MyController->render()
#3 /home/admin2/WORKSPACE/PHP/YII/framework/web/actions/CInlineAction.php(49): MyController->actionAddComment()
#4 /home/admin2/WORKSPACE/PHP/YII/framework/web/CController.php(308): CInlineAction->runWithParams()
#5 /home/admin2/WORKSPACE/PHP/YII/framework/web/CController.php(286): MyController->runAction()
#6 /home/admin2/WORKSPACE/PHP/YII/framework/web/CController.php(265): MyController->runActionWithFilters()
#7 /home/admin2/WORKSPACE/PHP/YII/framework/web/CWebApplication.php(282): MyController->run()
#8 /home/admin2/WORKSPACE/PHP/YII/framework/web/CWebApplication.php(141): CWebApplication->runController()
#9 /home/admin2/WORKSPACE/PHP/YII/framework/base/CApplication.php(180): CWebApplication->processRequest()
#10 /var/www/html/project/index.php(13): CWebApplication->run()
REQUEST_URI=/project/index.php?r=my/addComment
in /var/www/html/project/protected/views/my/add.php (17)
in /var/www/html/project/protected/controllers/MyController.php (23)
in /var/www/html/project/index.php (13)
2014/07/24 18:38:30 [error] [php] Missing argument 1 for MyModel::__construct(), called in /var/www/html/project/protected/controllers/MyController.php on line 13 and defined (/var/www/html/project/protected/models/MyModel.php:9)
Stack trace:
#0 /home/admin2/WORKSPACE/PHP/YII/framework/web/CController.php(308): CInlineAction->runWithParams()
#1 /home/admin2/WORKSPACE/PHP/YII/framework/web/CController.php(286): MyController->runAction()
#2 /home/admin2/WORKSPACE/PHP/YII/framework/web/CController.php(265): MyController->runActionWithFilters()
#3 /home/admin2/WORKSPACE/PHP/YII/framework/web/CWebApplication.php(282): MyController->run()
#4 /home/admin2/WORKSPACE/PHP/YII/framework/web/CWebApplication.php(141): CWebApplication->runController()
#5 /home/admin2/WORKSPACE/PHP/YII/framework/base/CApplication.php(180): CWebApplication->processRequest()
#6 /var/www/html/project/index.php(13): CWebApplication->run()
REQUEST_URI=/project/index.php?r=my/addComment
in /var/www/html/project/protected/models/MyModel.php (9)
in /var/www/html/project/protected/controllers/MyController.php (13)
in /var/www/html/project/index.php (13)
2014/07/24 18:39:46 [error] [php] array_push() expects parameter 1 to be array, string given (/var/www/html/project/protected/models/MyModel.php:24)
Stack trace:
#0 /home/admin2/WORKSPACE/PHP/YII/framework/web/actions/CInlineAction.php(49): MyController->actionAddComment()
#1 /home/admin2/WORKSPACE/PHP/YII/framework/web/CController.php(308): CInlineAction->runWithParams()
#2 /home/admin2/WORKSPACE/PHP/YII/framework/web/CController.php(286): MyController->runAction()
#3 /home/admin2/WORKSPACE/PHP/YII/framework/web/CController.php(265): MyController->runActionWithFilters()
#4 /home/admin2/WORKSPACE/PHP/YII/framework/web/CWebApplication.php(282): MyController->run()
#5 /home/admin2/WORKSPACE/PHP/YII/framework/web/CWebApplication.php(141): CWebApplication->runController()
#6 /home/admin2/WORKSPACE/PHP/YII/framework/base/CApplication.php(180): CWebApplication->processRequest()
#7 /var/www/html/project/index.php(13): CWebApplication->run()
REQUEST_URI=/project/index.php?r=my/addComment
in /var/www/html/project/protected/models/MyModel.php (24)
in /var/www/html/project/protected/controllers/MyController.php (19)
in /var/www/html/project/index.php (13)
2014/07/24 18:43:11 [error] [php] Trying to get property of non-object (/var/www/html/project/protected/views/my/add.php:17)
Stack trace:
#0 /home/admin2/WORKSPACE/PHP/YII/framework/web/CController.php(869): MyController->renderFile()
#1 /home/admin2/WORKSPACE/PHP/YII/framework/web/CController.php(782): MyController->renderPartial()
#2 /var/www/html/project/protected/controllers/MyController.php(23): MyController->render()
#3 /home/admin2/WORKSPACE/PHP/YII/framework/web/actions/CInlineAction.php(49): MyController->actionAddComment()
#4 /home/admin2/WORKSPACE/PHP/YII/framework/web/CController.php(308): CInlineAction->runWithParams()
#5 /home/admin2/WORKSPACE/PHP/YII/framework/web/CController.php(286): MyController->runAction()
#6 /home/admin2/WORKSPACE/PHP/YII/framework/web/CController.php(265): MyController->runActionWithFilters()
#7 /home/admin2/WORKSPACE/PHP/YII/framework/web/CWebApplication.php(282): MyController->run()
#8 /home/admin2/WORKSPACE/PHP/YII/framework/web/CWebApplication.php(141): CWebApplication->runController()
#9 /home/admin2/WORKSPACE/PHP/YII/framework/base/CApplication.php(180): CWebApplication->processRequest()
#10 /var/www/html/project/index.php(13): CWebApplication->run()
REQUEST_URI=/project/index.php?r=my/addComment
in /var/www/html/project/protected/views/my/add.php (17)
in /var/www/html/project/protected/controllers/MyController.php (23)
in /var/www/html/project/index.php (13)
2014/07/24 18:44:16 [error] [php] Invalid argument supplied for foreach() (/var/www/html/project/protected/views/my/add.php:15)
Stack trace:
#0 /home/admin2/WORKSPACE/PHP/YII/framework/web/CController.php(869): MyController->renderFile()
#1 /home/admin2/WORKSPACE/PHP/YII/framework/web/CController.php(782): MyController->renderPartial()
#2 /var/www/html/project/protected/controllers/MyController.php(23): MyController->render()
#3 /home/admin2/WORKSPACE/PHP/YII/framework/web/actions/CInlineAction.php(49): MyController->actionAddComment()
#4 /home/admin2/WORKSPACE/PHP/YII/framework/web/CController.php(308): CInlineAction->runWithParams()
#5 /home/admin2/WORKSPACE/PHP/YII/framework/web/CController.php(286): MyController->runAction()
#6 /home/admin2/WORKSPACE/PHP/YII/framework/web/CController.php(265): MyController->runActionWithFilters()
#7 /home/admin2/WORKSPACE/PHP/YII/framework/web/CWebApplication.php(282): MyController->run()
#8 /home/admin2/WORKSPACE/PHP/YII/framework/web/CWebApplication.php(141): CWebApplication->runController()
#9 /home/admin2/WORKSPACE/PHP/YII/framework/base/CApplication.php(180): CWebApplication->processRequest()
#10 /var/www/html/project/index.php(13): CWebApplication->run()
REQUEST_URI=/project/index.php?r=my/addComment
in /var/www/html/project/protected/views/my/add.php (15)
in /var/www/html/project/protected/controllers/MyController.php (23)
in /var/www/html/project/index.php (13)
